3924:M 01 May 22:40:43.314 * Increased maximum number of open files to 10032 (it was originally set to 1024).
3924:M 01 May 22:40:43.314 * No cluster configuration found, I'm 3215aa852927b74da7790634ad2ae848cef920d6
                _._                                                  
           _.-``__ ''-._                                             
      _.-``    `.  `_.  ''-._           Redis 3.0.6 (00000000/0) 64 bit
  .-`` .-```.  ```\/    _.,_ ''-._                                   
 (    '      ,       .-`  | `,    )     Running in cluster mode
 |`-._`-...-` __...-.``-._|'` _.-'|     Port: 7001
 |    `-._   `._    /     _.-'    |     PID: 3924
  `-._    `-._  `-./  _.-'    _.-'                                   
 |`-._`-._    `-.__.-'    _.-'_.-'|                                  
 |    `-._`-._        _.-'_.-'    |           http://redis.io        
  `-._    `-._`-.__.-'_.-'    _.-'                                   
 |`-._`-._    `-.__.-'    _.-'_.-'|                                  
 |    `-._`-._        _.-'_.-'    |                                  
  `-._    `-._`-.__.-'_.-'    _.-'                                   
      `-._    `-.__.-'    _.-'                                       
          `-._        _.-'                                           
              `-.__.-'                                               

3924:M 01 May 22:40:43.318 # WARNING: The TCP backlog setting of 511 cannot be enforced because /proc/sys/net/core/somaxconn is set to the lower value of 128.
3924:M 01 May 22:40:43.318 # Server started, Redis version 3.0.6
3924:M 01 May 22:40:43.318 # WARNING overcommit_memory is set to 0! Background save may fail under low memory condition. To fix this issue add 'vm.overcommit_memory = 1' to /etc/sysctl.conf and then reboot or run the command 'sysctl vm.overcommit_memory=1' for this to take effect.
3924:M 01 May 22:40:43.318 # WARNING you have Transparent Huge Pages (THP) support enabled in your kernel. This will create latency and memory usage issues with Redis. To fix this issue run the command 'echo never > /sys/kernel/mm/transparent_hugepage/enabled' as root, and add it to your /etc/rc.local in order to retain the setting after a reboot. Redis must be restarted after THP is disabled.
3924:M 01 May 22:40:43.318 * The server is now ready to accept connections on port 7001
3924:M 01 May 22:40:47.787 # configEpoch set to 1 via CLUSTER SET-CONFIG-EPOCH
3924:M 01 May 22:40:47.844 # IP address for this node updated to 10.0.0.77
3924:M 01 May 22:40:52.782 # Cluster state changed: ok
3924:M 01 May 22:40:54.398 * Slave 10.0.0.77:7004 asks for synchronization
3924:M 01 May 22:40:54.398 * Full resync requested by slave 10.0.0.77:7004
3924:M 01 May 22:40:54.398 * Starting BGSAVE for SYNC with target: disk
3924:M 01 May 22:40:54.398 * Background saving started by pid 3958
3958:C 01 May 22:40:54.404 * DB saved on disk
3958:C 01 May 22:40:54.404 * RDB: 0 MB of memory used by copy-on-write
3924:M 01 May 22:40:54.496 * Background saving terminated with success
3924:M 01 May 22:40:54.497 * Synchronization with slave 10.0.0.77:7004 succeeded
